*all_functional_test: functional_test
*background_image: gfxterm_background
*cat: cat
*cpuid: cpuid
*crc: hashsum
*cryptomount: cryptodisk
*echo: echo
*extract_syslinux_entries_configfile: syslinuxcfg
*extract_syslinux_entries_source: syslinuxcfg
*file: file
*functional_test: functional_test
*gettext: gettext
*hashsum: hashsum
*hello: hello
*help: help
*hexdump: hexdump
*keystatus: keystatus
*list_env: loadenv
*load_env: loadenv
*loopback: loopback
*ls: ls
*md5sum: hashsum
*menuentry: normal
*probe: probe
*read_byte: memrw
*read_dword: memrw
*read_word: memrw
*regexp: regexp
*save_env: loadenv
*search: search
*sha1sum: hashsum
*sha256sum: hashsum
*sha512sum: hashsum
*sleep: sleep
*submenu: normal
*syslinux_configfile: syslinuxcfg
*syslinux_source: syslinuxcfg
*test_blockarg: test_blockarg
*testspeed: testspeed
*tr: tr
*trust: pgp
*verify_detached: pgp
*zfskey: zfscrypt
.: configfile
[: test
authenticate: normal
background_color: gfxterm_background
backtrace: backtrace
badram: mmap
blocklist: blocklist
break: normal
cat: minicmd
clear: normal
cmp: cmp
configfile: configfile
continue: normal
cutmem: mmap
date: date
distrust: pgp
dump: minicmd
eval: eval
exit: minicmd
export: normal
extract_entries_configfile: configfile
extract_entries_source: configfile
extract_legacy_entries_configfile: legacycfg
extract_legacy_entries_source: legacycfg
false: true
gptsync: gptsync
halt: halt
help: minicmd
initrd: linux
legacy_check_password: legacycfg
legacy_configfile: legacycfg
legacy_initrd: legacycfg
legacy_initrd_nounzip: legacycfg
legacy_kernel: legacycfg
legacy_password: legacycfg
legacy_source: legacycfg
linux: linux
list_trusted: pgp
loadfont: font
lsfonts: font
lsmmap: lsmmap
lsmod: minicmd
macppcbless: macbless
mactelbless: macbless
module2: multiboot2
module: multiboot
multiboot2: multiboot2
multiboot: multiboot
net_add_addr: net
net_add_dns: net
net_add_route: net
net_bootp6: net
net_bootp: net
net_del_addr: net
net_del_dns: net
net_del_route: net
net_dhcp: net
net_get_dhcp_option: net
net_ipv6_autoconf: net
net_ls_addr: net
net_ls_cards: net
net_ls_dns: net
net_ls_routes: net
net_nslookup: net
normal: normal
normal_exit: normal
parttool: parttool
password: password
password_pbkdf2: password_pbkdf2
read: read
reboot: reboot
return: normal
rmmod: minicmd
search.file: search_fs_file
search.fs_label: search_label
search.fs_uuid: search_fs_uuid
setparams: normal
shift: normal
source: configfile
terminal_input: terminal
terminal_output: terminal
test: test
testload: testload
time: time
true: true
videoinfo: videoinfo
videotest: videotest
write_byte: memrw
write_dword: memrw
write_word: memrw
xnu_uuid: xnu_uuid
zfs-bootfs: zfsinfo
zfsinfo: zfsinfo
