videotest: font video gfxmenu
odc: archelp
loopback:
macho:
gcry_des: crypto
memrw:
f2fs: fshelp
part_gpt:
romfs: fshelp
read:
aout:
gcry_arcfour: crypto
tftp: net
newc: archelp
minix2_be:
elf:
videotest_checksum: font functional_test video_fb
password_pbkdf2: crypto gcry_sha512 pbkdf2 normal
gcry_seed: crypto
pcidump: pci
bsd: elf serial crypto gcry_md5 verifiers video boot aout cpuid relocator mmap
sfs: fshelp
reiserfs: fshelp
part_sunpc:
zstd:
gfxmenu: video_colors trig bitmap_scale gfxterm font normal video bitmap
backtrace:
jfs:
help: normal
configfile: normal
cbls: cbtable
gfxterm_menu: font functional_test procfs normal video_fb
gcry_idea: crypto
tr:
shift_test: functional_test
ohci: cs5536 usb boot pci
afs: fshelp
spkmodem:
usb_keyboard: usb keylayouts
xzio: crypto
syslinuxcfg: normal
search_fs_file:
wrmsr:
usbms: scsi usb
test_blockarg: normal
true:
affs: fshelp
iso9660: fshelp
exfat: fshelp
setjmp_test: functional_test setjmp
gfxterm: font video
disk:
xfs: fshelp
testspeed: normal
cpio_be: archelp
functional_test: btrfs video video_fb
bswap_test: functional_test
sleep: normal
memdisk:
suspend: normal
gcry_rijndael: crypto
mdraid09_be: diskfilter
gettext:
gcry_sha1: crypto
hfspluscomp: gzio hfsplus
cmp:
offsetio:
file: macho elf offsetio
usbserial_usbdebug: serial usb usbserial_common
video_colors:
morse:
hashsum: crypto normal
usb: pci
halt:
gdb: serial backtrace
gfxterm_background: video_colors bitmap_scale gfxterm video bitmap
search_fs_uuid:
gcry_dsa: pgp mpi
keystatus:
linux: verifiers video boot relocator mmap
geli: cryptodisk crypto gcry_sha512 pbkdf2 gcry_sha256
cmdline_cat_test: font functional_test procfs normal video_fb
rdmsr:
part_sun:
cbtable:
pbkdf2_test: functional_test pbkdf2 gcry_sha1
video_bochs: video pci video_fb
verifiers:
bufio:
usbserial_ftdi: serial usb usbserial_common
cpuid:
hdparm: hexdump
bfs: fshelp
gcry_blowfish: crypto
test:
nilfs2: fshelp
gcry_rsa: pgp mpi
cryptodisk: crypto procfs
nativedisk:
minicmd:
signature_test: functional_test procfs
ata: scsi
udf: fshelp
gzio: gcry_crc
xnu_uuid: gcry_md5
uhci: usb pci
pata: ata pci
mul_test: functional_test
adler32: crypto
terminal:
div:
ehci: cs5536 usb boot pci
crypto:
part_bsd: part_msdos
cs5536: pci
gcry_sha512: crypto
password: crypto normal
efiemu: gcry_crc crypto cpuid
fshelp:
sleep_test: functional_test datetime
iorw:
mmap:
exfctest: functional_test
zfsinfo: zfs
nand:
ldm: part_gpt diskfilter part_msdos
cmostest:
eval: normal
part_dvh:
ofnet: net
ext2: fshelp
blocklist:
net: priority_queue bufio datetime boot
part_acorn:
videoinfo: video
btrfs: zstd lzopio raid6rec gzio
lsmmap:
strtoull_test: functional_test
bitmap:
ntfs: fshelp
multiboot: net linux video boot relocator mmap
gcry_crc: crypto
png: bufio bitmap
jpeg: bufio bitmap
macbless: disk
div_test: functional_test div
regexp: normal
parttool: normal
usbserial_pl2303: serial usb usbserial_common
cpio: archelp
gcry_rmd160: crypto
fat: fshelp
ufs1_be:
archelp:
http: net
zfs: gzio
raid6rec: diskfilter
minix2:
datehook: datetime normal
loadenv: disk
bitmap_scale: bitmap
probe:
minix3:
tar: archelp
hfs: fshelp
procfs: archelp
boot:
keylayouts:
progress: normal
kernel:
usbtest: usb
relocator: mmap
tga: bufio bitmap
reboot: relocator
serial:
zfscrypt: crypto pbkdf2 zfs gcry_sha1 gcry_rijndael
dm_nv: diskfilter
cmp_test: functional_test
luks: cryptodisk crypto pbkdf2
font: bufio video
raid5rec: diskfilter
crc64: crypto
datetime:
ctz_test: functional_test
video:
pci:
cbmemc: normal cbtable
cmosdump:
hfsplus: fshelp
gcry_cast5: crypto
squash4: fshelp lzopio xzio gzio
part_plan:
minix_be:
gcry_whirlpool: crypto
gcry_tiger: crypto
search: search_fs_uuid search_fs_file search_label
lspci: pci
cbtime: cbtable
video_fb:
minix3_be:
trig:
msdospart: disk parttool
priority_queue:
gcry_twofish: crypto
part_dfly:
xnu_uuid_test: functional_test
diskfilter:
testload:
part_apple:
hexdump:
date: datetime normal
pbkdf2: crypto
gcry_sha256: crypto
ls: normal
usbserial_common: serial usb
ntfscomp: ntfs
lzopio: crypto
video_cirrus: video pci video_fb
hello:
scsi:
linux16: linux video boot relocator mmap
cat:
ahci: ata boot pci
pgp: crypto verifiers mpi gcry_sha1
normal: terminal crypto verifiers bufio boot gettext
ufs1:
mdraid09: diskfilter
lvm: diskfilter
cbfs: archelp
ufs2:
time:
setpci: pci
gptsync: disk
search_label:
setjmp:
multiboot2: net linux video boot relocator mmap
gcry_rfc2268: crypto
mdraid1x: diskfilter
mpi: crypto
play:
part_amiga:
minix:
echo:
gcry_serpent: crypto
gcry_md4: crypto
gcry_md5: crypto
part_msdos:
gcry_camellia: crypto
at_keyboard: keylayouts boot
all_video: video_bochs video_cirrus
